Semaphore initialized to 3
Teller 1: Customer 1
        Starts  : 0
        Duration: 4.542
        Ends    : 4.542
Teller 2: Customer 2
        Starts  : 0
        Duration: 4.58
        Ends    : 4.58
Teller 3: Customer 3
        Starts  : 0
        Duration: 4.594
        Ends    : 4.594
Teller 1: Customer 4
        Starts  : 4.542
        Duration: 2.576
        Ends    : 7.118
Teller 2: Customer 5
        Starts  : 4.58
        Duration: 1.096
        Ends    : 5.676
Teller 3: Customer 6
        Starts  : 4.594
        Duration: 2.721
        Ends    : 7.315
Teller 2: Customer 7
        Starts  : 5.676
        Duration: 3.376
        Ends    : 9.052
Teller 1: Customer 8
        Starts  : 7.118
        Duration: 4.73
        Ends    : 11.848
Teller 3: Customer 9
        Starts  : 7.315
        Duration: 1.119
        Ends    : 8.434
Teller 3: Customer 10
        Starts  : 8.434
        Duration: 2.649