Semaphore initialized to 3
Teller 0: Customer 1
        Starts  : 0
        Duration: 2.098
        Ends    : 2.098
Teller 1: Customer 2
        Starts  : 0
        Duration: 4.341
        Ends    : 4.341
Teller 2: Customer 3
        Starts  : 0
        Duration: 2.081
        Ends    : 2.081
Teller 2: Customer 4
        Starts  : 2.081
        Duration: 3.19
        Ends    : 5.271
Teller 0: Customer 5
        Starts  : 2.098
        Duration: 4.992
        Ends    : 7.09
Teller 1: Customer 6
        Starts  : 4.341
        Duration: 1.413
        Ends    : 5.754
Teller 2: Customer 7
        Starts  : 5.271
        Duration: 1.865
        Ends    : 7.136
Teller 1: Customer 8
        Starts  : 5.754
        Duration: 1.082
        Ends    : 6.836
Teller 1: Customer 9
        Starts  : 6.836
        Duration: 3.398
        Ends    : 10.234
Teller 0: Customer 10
        Starts  : 7.09
        Duration: 2.789
        Ends    : 9.879